<?xml version="1.0" encoding="UTF-8"?>
<!-- Generated by org.testng.reporters.JUnitReportReporter -->
<testsuite hostname="DESKTOP-SOVBN6J" failures="0" tests="6" name="Perfection_Mob.Script01" time="39.970" errors="0" timestamp="2024-09-09T18:32:13 IST" skipped="0">
  <testcase classname="Perfection_Mob.Script01" name="myFirstScript02" time="2.129"/>
  <system-out/>
  <testcase classname="Perfection_Mob.Script01" name="myFirstScript02" time="0.200"/>
  <system-out/>
  <testcase classname="Perfection_Mob.Script01" name="myFirstScript02" time="0.293"/>
  <system-out/>
  <testcase classname="Perfection_Mob.Script01" name="myFirstScript01" time="10.463"/>
  <system-out/>
  <testcase classname="Perfection_Mob.Script01" name="myFirstScript01" time="6.282"/>
  <system-out/>
  <testcase classname="Perfection_Mob.Script01" name="myFirstScript01" time="20.603"/>
  <system-out/>
</testsuite> <!-- Perfection_Mob.Script01 -->
